<?xml version="1.0" encoding="UTF-8"?>
<coverage generated="1749827177995" clover="3.2.0">
  <project timestamp="1749827177995" name="All files">
    <metrics statements="4" coveredstatements="4" conditionals="0" coveredconditionals="0" methods="4" coveredmethods="4" elements="8" coveredelements="8" complexity="0" loc="4" ncloc="4" packages="1" files="1" classes="1"/>
    <file name="cart.js" path="C:\Users\33647\dev\ynov-test\test-js\cart.js">
      <metrics statements="4" coveredstatements="4" conditionals="0" coveredconditionals="0" methods="4" coveredmethods="4"/>
      <line num="12" count="4" type="stmt"/>
      <line num="16" count="3" type="stmt"/>
      <line num="24" count="2" type="stmt"/>
      <line num="28" count="1" type="stmt"/>
    </file>
  </project>
</coverage>
