{"C:\\Users\\33647\\dev\\ynov-test\\test-js\\cart.js": {"path":"C:\\Users\\33647\\dev\\ynov-test\\test-js\\cart.js","statementMap":{"0":{"start":{"line":12,"column":8},"end":{"line":12,"column":24}},"1":{"start":{"line":16,"column":8},"end":{"line":20,"column":11}},"2":{"start":{"line":24,"column":8},"end":{"line":24,"column":89}},"3":{"start":{"line":24,"column":50},"end":{"line":24,"column":84}},"4":{"start":{"line":28,"column":0},"end":{"line":28,"column":26}}},"fnMap":{"0":{"name":"(anonymous_0)","decl":{"start":{"line":11,"column":4},"end":{"line":11,"column":5}},"loc":{"start":{"line":11,"column":18},"end":{"line":13,"column":5}},"line":11},"1":{"name":"(anonymous_1)","decl":{"start":{"line":15,"column":4},"end":{"line":15,"column":5}},"loc":{"start":{"line":15,"column":35},"end":{"line":21,"column":5}},"line":15},"2":{"name":"(anonymous_2)","decl":{"start":{"line":23,"column":4},"end":{"line":23,"column":5}},"loc":{"start":{"line":23,"column":15},"end":{"line":25,"column":5}},"line":23},"3":{"name":"(anonymous_3)","decl":{"start":{"line":24,"column":33},"end":{"line":24,"column":34}},"loc":{"start":{"line":24,"column":50},"end":{"line":24,"column":84}},"line":24}},"branchMap":{},"s":{"0":4,"1":3,"2":1,"3":2,"4":1},"f":{"0":4,"1":3,"2":1,"3":2},"b":{},"_coverageSchema":"1a1c01bbd47fc00a2c39e90264f33305004495a9","hash":"9d6ac61465932fcab21ba29f6d208cee0a757bea"}
}
